<?xml version="1.0" encoding="UTF-8"?>
<testsuite xmlns:xsi="http://www.w3.org/2001/XMLSchema-instance" xsi:noNamespaceSchemaLocation="https://maven.apache.org/surefire/maven-surefire-plugin/xsd/surefire-test-report.xsd" name="examples.ExamplesTest" time="10.213" tests="1" errors="0" skipped="0" failures="0">
  <properties>
    <property name="sun.desktop" value="windows"/>
    <property name="awt.toolkit" value="sun.awt.windows.WToolkit"/>
    <property name="file.encoding.pkg" value="sun.io"/>
    <property name="java.specification.version" value="1.8"/>
    <property name="sun.cpu.isalist" value="amd64"/>
    <property name="sun.jnu.encoding" value="Cp1252"/>
    <property name="java.class.path" value="C:\Users\Tharindu\Desktop\test proj\test_proj\karate_labs\myproject\target\test-classes;C:\Users\Tharindu\Desktop\test proj\test_proj\karate_labs\myproject\target\classes;C:\Users\Tharindu\.m2\repository\com\intuit\karate\karate-junit5\1.1.0\karate-junit5-1.1.0.jar;C:\Users\Tharindu\.m2\repository\com\intuit\karate\karate-core\1.1.0\karate-core-1.1.0.jar;C:\Users\Tharindu\.m2\repository\org\graalvm\js\js-scriptengine\21.2.0\js-scriptengine-21.2.0.jar;C:\Users\Tharindu\.m2\repository\org\graalvm\sdk\graal-sdk\21.2.0\graal-sdk-21.2.0.jar;C:\Users\Tharindu\.m2\repository\org\graalvm\js\js\21.2.0\js-21.2.0.jar;C:\Users\Tharindu\.m2\repository\org\graalvm\regex\regex\21.2.0\regex-21.2.0.jar;C:\Users\Tharindu\.m2\repository\org\graalvm\truffle\truffle-api\21.2.0\truffle-api-21.2.0.jar;C:\Users\Tharindu\.m2\repository\com\ibm\icu\icu4j\69.1\icu4j-69.1.jar;C:\Users\Tharindu\.m2\repository\ch\qos\logback\logback-classic\1.2.3\logback-classic-1.2.3.jar;C:\Users\Tharindu\.m2\repository\ch\qos\logback\logback-core\1.2.3\logback-core-1.2.3.jar;C:\Users\Tharindu\.m2\repository\org\slf4j\slf4j-api\1.7.25\slf4j-api-1.7.25.jar;C:\Users\Tharindu\.m2\repository\org\slf4j\jcl-over-slf4j\1.7.25\jcl-over-slf4j-1.7.25.jar;C:\Users\Tharindu\.m2\repository\com\jayway\jsonpath\json-path\2.6.0\json-path-2.6.0.jar;C:\Users\Tharindu\.m2\repository\net\minidev\json-smart\2.4.7\json-smart-2.4.7.jar;C:\Users\Tharindu\.m2\repository\net\minidev\accessors-smart\2.4.7\accessors-smart-2.4.7.jar;C:\Users\Tharindu\.m2\repository\org\ow2\asm\asm\9.1\asm-9.1.jar;C:\Users\Tharindu\.m2\repository\info\cukes\cucumber-java\1.2.5\cucumber-java-1.2.5.jar;C:\Users\Tharindu\.m2\repository\info\cukes\cucumber-core\1.2.5\cucumber-core-1.2.5.jar;C:\Users\Tharindu\.m2\repository\org\yaml\snakeyaml\1.29\snakeyaml-1.29.jar;C:\Users\Tharindu\.m2\repository\de\siegmar\fastcsv\2.0.0\fastcsv-2.0.0.jar;C:\Users\Tharindu\.m2\repository\info\picocli\picocli\4.6.1\picocli-4.6.1.jar;C:\Users\Tharindu\.m2\repository\org\junit\jupiter\junit-jupiter-api\5.7.2\junit-jupiter-api-5.7.2.jar;C:\Users\Tharindu\.m2\repository\org\apiguardian\apiguardian-api\1.1.0\apiguardian-api-1.1.0.jar;C:\Users\Tharindu\.m2\repository\org\opentest4j\opentest4j\1.2.0\opentest4j-1.2.0.jar;C:\Users\Tharindu\.m2\repository\org\junit\platform\junit-platform-commons\1.7.2\junit-platform-commons-1.7.2.jar;C:\Users\Tharindu\.m2\repository\org\junit\jupiter\junit-jupiter-engine\5.7.2\junit-jupiter-engine-5.7.2.jar;C:\Users\Tharindu\.m2\repository\org\junit\platform\junit-platform-engine\1.7.2\junit-platform-engine-1.7.2.jar;"/>
    <property name="java.vm.vendor" value="Oracle Corporation"/>
    <property name="sun.arch.data.model" value="64"/>
    <property name="user.variant" value=""/>
    <property name="java.vendor.url" value="http://java.oracle.com/"/>
    <property name="user.timezone" value="Asia/Colombo"/>
    <property name="java.vm.specification.version" value="1.8"/>
    <property name="os.name" value="Windows 10"/>
    <property name="user.country" value="US"/>
    <property name="sun.java.launcher" value="SUN_STANDARD"/>
    <property name="sun.boot.library.path" value="C:\Program Files\Java\jdk1.8.0_221\jre\bin"/>
    <property name="sun.java.command" value="C:\Users\Tharindu\AppData\Local\Temp\surefire7247907947142669883\surefirebooter6687072685016084914.jar C:\Users\Tharindu\AppData\Local\Temp\surefire7247907947142669883 2021-11-22T17-12-48_557-jvmRun1 surefire5380201183549066099tmp surefire_0824717574666828010tmp"/>
    <property name="surefire.test.class.path" value="C:\Users\Tharindu\Desktop\test proj\test_proj\karate_labs\myproject\target\test-classes;C:\Users\Tharindu\Desktop\test proj\test_proj\karate_labs\myproject\target\classes;C:\Users\Tharindu\.m2\repository\com\intuit\karate\karate-junit5\1.1.0\karate-junit5-1.1.0.jar;C:\Users\Tharindu\.m2\repository\com\intuit\karate\karate-core\1.1.0\karate-core-1.1.0.jar;C:\Users\Tharindu\.m2\repository\org\graalvm\js\js-scriptengine\21.2.0\js-scriptengine-21.2.0.jar;C:\Users\Tharindu\.m2\repository\org\graalvm\sdk\graal-sdk\21.2.0\graal-sdk-21.2.0.jar;C:\Users\Tharindu\.m2\repository\org\graalvm\js\js\21.2.0\js-21.2.0.jar;C:\Users\Tharindu\.m2\repository\org\graalvm\regex\regex\21.2.0\regex-21.2.0.jar;C:\Users\Tharindu\.m2\repository\org\graalvm\truffle\truffle-api\21.2.0\truffle-api-21.2.0.jar;C:\Users\Tharindu\.m2\repository\com\ibm\icu\icu4j\69.1\icu4j-69.1.jar;C:\Users\Tharindu\.m2\repository\ch\qos\logback\logback-classic\1.2.3\logback-classic-1.2.3.jar;C:\Users\Tharindu\.m2\repository\ch\qos\logback\logback-core\1.2.3\logback-core-1.2.3.jar;C:\Users\Tharindu\.m2\repository\org\slf4j\slf4j-api\1.7.25\slf4j-api-1.7.25.jar;C:\Users\Tharindu\.m2\repository\org\slf4j\jcl-over-slf4j\1.7.25\jcl-over-slf4j-1.7.25.jar;C:\Users\Tharindu\.m2\repository\com\jayway\jsonpath\json-path\2.6.0\json-path-2.6.0.jar;C:\Users\Tharindu\.m2\repository\net\minidev\json-smart\2.4.7\json-smart-2.4.7.jar;C:\Users\Tharindu\.m2\repository\net\minidev\accessors-smart\2.4.7\accessors-smart-2.4.7.jar;C:\Users\Tharindu\.m2\repository\org\ow2\asm\asm\9.1\asm-9.1.jar;C:\Users\Tharindu\.m2\repository\info\cukes\cucumber-java\1.2.5\cucumber-java-1.2.5.jar;C:\Users\Tharindu\.m2\repository\info\cukes\cucumber-core\1.2.5\cucumber-core-1.2.5.jar;C:\Users\Tharindu\.m2\repository\org\yaml\snakeyaml\1.29\snakeyaml-1.29.jar;C:\Users\Tharindu\.m2\repository\de\siegmar\fastcsv\2.0.0\fastcsv-2.0.0.jar;C:\Users\Tharindu\.m2\repository\info\picocli\picocli\4.6.1\picocli-4.6.1.jar;C:\Users\Tharindu\.m2\repository\org\junit\jupiter\junit-jupiter-api\5.7.2\junit-jupiter-api-5.7.2.jar;C:\Users\Tharindu\.m2\repository\org\apiguardian\apiguardian-api\1.1.0\apiguardian-api-1.1.0.jar;C:\Users\Tharindu\.m2\repository\org\opentest4j\opentest4j\1.2.0\opentest4j-1.2.0.jar;C:\Users\Tharindu\.m2\repository\org\junit\platform\junit-platform-commons\1.7.2\junit-platform-commons-1.7.2.jar;C:\Users\Tharindu\.m2\repository\org\junit\jupiter\junit-jupiter-engine\5.7.2\junit-jupiter-engine-5.7.2.jar;C:\Users\Tharindu\.m2\repository\org\junit\platform\junit-platform-engine\1.7.2\junit-platform-engine-1.7.2.jar;"/>
    <property name="sun.cpu.endian" value="little"/>
    <property name="user.home" value="C:\Users\Tharindu"/>
    <property name="user.language" value="en"/>
    <property name="java.specification.vendor" value="Oracle Corporation"/>
    <property name="java.home" value="C:\Program Files\Java\jdk1.8.0_221\jre"/>
    <property name="basedir" value="C:\Users\Tharindu\Desktop\test proj\test_proj\karate_labs\myproject"/>
    <property name="file.separator" value="\"/>
    <property name="line.separator" value="&#10;"/>
    <property name="java.vm.specification.vendor" value="Oracle Corporation"/>
    <property name="java.specification.name" value="Java Platform API Specification"/>
    <property name="java.awt.graphicsenv" value="sun.awt.Win32GraphicsEnvironment"/>
    <property name="surefire.real.class.path" value="C:\Users\Tharindu\AppData\Local\Temp\surefire7247907947142669883\surefirebooter6687072685016084914.jar"/>
    <property name="sun.boot.class.path" value="C:\Program Files\Java\jdk1.8.0_221\jre\lib\resources.jar;C:\Program Files\Java\jdk1.8.0_221\jre\lib\rt.jar;C:\Program Files\Java\jdk1.8.0_221\jre\lib\sunrsasign.jar;C:\Program Files\Java\jdk1.8.0_221\jre\lib\jsse.jar;C:\Program Files\Java\jdk1.8.0_221\jre\lib\jce.jar;C:\Program Files\Java\jdk1.8.0_221\jre\lib\charsets.jar;C:\Program Files\Java\jdk1.8.0_221\jre\lib\jfr.jar;C:\Program Files\Java\jdk1.8.0_221\jre\classes"/>
    <property name="user.script" value=""/>
    <property name="sun.management.compiler" value="HotSpot 64-Bit Tiered Compilers"/>
    <property name="java.runtime.version" value="1.8.0_221-b11"/>
    <property name="user.name" value="Tharindu"/>
    <property name="path.separator" value=";"/>
    <property name="os.version" value="10.0"/>
    <property name="java.endorsed.dirs" value="C:\Program Files\Java\jdk1.8.0_221\jre\lib\endorsed"/>
    <property name="java.runtime.name" value="Java(TM) SE Runtime Environment"/>
    <property name="file.encoding" value="UTF-8"/>
    <property name="java.vm.name" value="Java HotSpot(TM) 64-Bit Server VM"/>
    <property name="localRepository" value="C:\Users\Tharindu\.m2\repository"/>
    <property name="java.vendor.url.bug" value="http://bugreport.sun.com/bugreport/"/>
    <property name="java.io.tmpdir" value="C:\Users\Tharindu\AppData\Local\Temp\"/>
    <property name="java.version" value="1.8.0_221"/>
    <property name="user.dir" value="C:\Users\Tharindu\Desktop\test proj\test_proj\karate_labs\myproject"/>
    <property name="os.arch" value="amd64"/>
    <property name="java.vm.specification.name" value="Java Virtual Machine Specification"/>
    <property name="java.awt.printerjob" value="sun.awt.windows.WPrinterJob"/>
    <property name="sun.os.patch.level" value=""/>
    <property name="java.library.path" value="C:\Program Files\Java\jdk1.8.0_221\jre\bin;C:\WINDOWS\Sun\Java\bin;C:\WINDOWS\system32;C:\WINDOWS;C:\Python39\Scripts\;C:\Python39\;C:\Program Files (x86)\Common Files\Oracle\Java\javapath;C:\WINDOWS\system32;C:\WINDOWS;C:\WINDOWS\System32\Wbem;C:\WINDOWS\System32\WindowsPowerShell\v1.0\;C:\WINDOWS\System32\OpenSSH\;C:\Apache\apache-maven-3.6.1\bin;C:\Users\Tharindu\AppData\Roaming\npm;C:\Program Files\Dart\dart-sdk\bin;C:\Users\Tharindu\AppData\Local\Android\Sdk\platform-tools;C:\Program Files\OpenSSL-Win64\bin\openssl.cfg;C:\Program Files\OpenSSL-Win64;C:\Program Files\Git\cmd;C:\Program Files\nodejs\;C:\ProgramData\chocolatey\bin;;C:\Program Files\Docker\Docker\resources\bin;C:\ProgramData\DockerDesktop\version-bin;C:\Users\Tharindu\AppData\Local\Programs\Python\Python37-32\Scripts\;C:\Users\Tharindu\AppData\Local\Programs\Python\Python37-32\;C:\Program Files\Java\jdk1.8.0_221\bin;C:\Program Files\JetBrains\IntelliJ IDEA Community Edition 2019.2\bin;;C:\Users\Tharindu\AppData\Local\Programs\Microsoft VS Code\bin;C:\src\flutter\bin;C:\Users\Tharindu\AppData\Local\Android\Sdk\emulator;C:\Users\Tharindu\AppData\Local\Android\Sdk\platform-tools;C:\Program Files\JetBrains\WebStorm 2019.3.1\bin;;C:\Users\Tharindu\AppData\Roaming\npm;C:\Program Files\Java\jdk1.8.0_221\bin;C:\Program Files\apache-maven-3.6.3\bin;;C:\Users\Tharindu\AppData\Local\Microsoft\WindowsApps;C:\Program Files\JetBrains\IntelliJ IDEA 2021.2.3\bin;;."/>
    <property name="java.vm.info" value="mixed mode"/>
    <property name="java.vendor" value="Oracle Corporation"/>
    <property name="java.vm.version" value="25.221-b11"/>
    <property name="java.ext.dirs" value="C:\Program Files\Java\jdk1.8.0_221\jre\lib\ext;C:\WINDOWS\Sun\Java\lib\ext"/>
    <property name="sun.io.unicode.encoding" value="UnicodeLittle"/>
    <property name="java.class.version" value="52.0"/>
  </properties>
  <testcase name="testParallel" classname="examples.ExamplesTest" time="10.199"/>
</testsuite>